<?xml version="1.0" encoding="UTF-8"?>
<coverage generated="1647876958601" clover="3.2.0">
  <project timestamp="1647876958601" name="All files">
    <metrics statements="25" coveredstatements="25" conditionals="4" coveredconditionals="4" methods="3" coveredmethods="3" elements="32" coveredelements="32" complexity="0" loc="25" ncloc="25" packages="1" files="1" classes="1"/>
    <file name="matrix_resolutor.js" path="/Users/andres_ayelo/Documents/devaway_coding/reto_matrix/matrix_resolutor.js">
      <metrics statements="25" coveredstatements="25" conditionals="4" coveredconditionals="4" methods="3" coveredmethods="3"/>
      <line num="3" count="85" type="stmt"/>
      <line num="4" count="85" type="stmt"/>
      <line num="5" count="85" type="stmt"/>
      <line num="6" count="85" type="stmt"/>
      <line num="8" count="200" type="stmt"/>
      <line num="10" count="559" type="cond" truecount="2" falsecount="0"/>
      <line num="12" count="200" type="stmt"/>
      <line num="16" count="85" type="stmt"/>
      <line num="20" count="60" type="stmt"/>
      <line num="24" count="86" type="stmt"/>
      <line num="25" count="86" type="stmt"/>
      <line num="26" count="86" type="stmt"/>
      <line num="27" count="86" type="cond" truecount="2" falsecount="0"/>
      <line num="29" count="60" type="stmt"/>
      <line num="33" count="26" type="stmt"/>
      <line num="34" count="26" type="stmt"/>
      <line num="36" count="26" type="stmt"/>
      <line num="37" count="26" type="stmt"/>
      <line num="38" count="26" type="stmt"/>
      <line num="40" count="85" type="stmt"/>
      <line num="41" count="85" type="stmt"/>
      <line num="42" count="85" type="stmt"/>
      <line num="43" count="85" type="stmt"/>
      <line num="46" count="26" type="stmt"/>
      <line num="50" count="1" type="stmt"/>
    </file>
  </project>
</coverage>
