{"/Users/andres_ayelo/Documents/devaway_coding/reto_matrix/matrix_resolutor.js": {"path":"/Users/andres_ayelo/Documents/devaway_coding/reto_matrix/matrix_resolutor.js","statementMap":{"0":{"start":{"line":3,"column":4},"end":{"line":3,"column":13}},"1":{"start":{"line":4,"column":20},"end":{"line":4,"column":60}},"2":{"start":{"line":5,"column":4},"end":{"line":5,"column":26}},"3":{"start":{"line":6,"column":4},"end":{"line":15,"column":5}},"4":{"start":{"line":8,"column":8},"end":{"line":14,"column":9}},"5":{"start":{"line":10,"column":12},"end":{"line":13,"column":13}},"6":{"start":{"line":12,"column":16},"end":{"line":12,"column":52}},"7":{"start":{"line":16,"column":4},"end":{"line":16,"column":21}},"8":{"start":{"line":20,"column":4},"end":{"line":20,"column":99}},"9":{"start":{"line":24,"column":4},"end":{"line":24,"column":13}},"10":{"start":{"line":25,"column":26},"end":{"line":25,"column":38}},"11":{"start":{"line":26,"column":24},"end":{"line":26,"column":46}},"12":{"start":{"line":27,"column":4},"end":{"line":47,"column":5}},"13":{"start":{"line":29,"column":8},"end":{"line":29,"column":49}},"14":{"start":{"line":33,"column":25},"end":{"line":33,"column":26}},"15":{"start":{"line":34,"column":8},"end":{"line":45,"column":9}},"16":{"start":{"line":36,"column":33},"end":{"line":36,"column":48}},"17":{"start":{"line":37,"column":27},"end":{"line":37,"column":28}},"18":{"start":{"line":38,"column":12},"end":{"line":44,"column":13}},"19":{"start":{"line":40,"column":32},"end":{"line":40,"column":63}},"20":{"start":{"line":41,"column":16},"end":{"line":41,"column":25}},"21":{"start":{"line":42,"column":16},"end":{"line":42,"column":27}},"22":{"start":{"line":43,"column":16},"end":{"line":43,"column":107}},"23":{"start":{"line":46,"column":8},"end":{"line":46,"column":26}},"24":{"start":{"line":50,"column":0},"end":{"line":50,"column":33}}},"fnMap":{"0":{"name":"do_submatrix","decl":{"start":{"line":1,"column":9},"end":{"line":1,"column":21}},"loc":{"start":{"line":2,"column":0},"end":{"line":17,"column":1}},"line":2},"1":{"name":"resolve_2x2_matrix","decl":{"start":{"line":18,"column":9},"end":{"line":18,"column":27}},"loc":{"start":{"line":19,"column":0},"end":{"line":21,"column":1}},"line":19},"2":{"name":"resolve_matrix","decl":{"start":{"line":22,"column":9},"end":{"line":22,"column":23}},"loc":{"start":{"line":23,"column":0},"end":{"line":48,"column":1}},"line":23}},"branchMap":{"0":{"loc":{"start":{"line":10,"column":12},"end":{"line":13,"column":13}},"type":"if","locations":[{"start":{"line":10,"column":12},"end":{"line":13,"column":13}},{"start":{},"end":{}}],"line":10},"1":{"loc":{"start":{"line":27,"column":4},"end":{"line":47,"column":5}},"type":"if","locations":[{"start":{"line":27,"column":4},"end":{"line":47,"column":5}},{"start":{"line":32,"column":4},"end":{"line":47,"column":5}}],"line":27}},"s":{"0":85,"1":85,"2":85,"3":85,"4":200,"5":559,"6":200,"7":85,"8":60,"9":86,"10":86,"11":86,"12":86,"13":60,"14":26,"15":26,"16":26,"17":26,"18":26,"19":85,"20":85,"21":85,"22":85,"23":26,"24":1},"f":{"0":85,"1":60,"2":86},"b":{"0":[200,359],"1":[60,26]},"_coverageSchema":"1a1c01bbd47fc00a2c39e90264f33305004495a9","hash":"ea54c3ca518526d4d3937a167d0bb28b2d25ce0f"}
}
